<?xml version="1.0" encoding="UTF-8"?>
<!-- Generated by org.testng.reporters.JUnitXMLReporter -->
<testsuite hostname="KiwiTechs-Mac-mini-4.local" ignored="15" name="Default test" tests="1" failures="0" timestamp="10 Oct 2018 09:40:03 GMT" time="43.501" errors="0">
  <testcase name="countTwice" time="16.289" classname="testModules.Comparables_Redbell"/>
  <testcase name="comparablesObjects" time="0.0" classname="testModules.Comparables_Redbell">
    <ignored/>
  </testcase> <!-- comparablesObjects -->
  <testcase name="comparablesCount" time="0.0" classname="testModules.Comparables_Redbell">
    <ignored/>
  </testcase> <!-- comparablesCount -->
  <testcase name="subjectProp" time="0.0" classname="testModules.Comparables_Redbell">
    <ignored/>
  </testcase> <!-- subjectProp -->
  <testcase name="noCountTwice" time="0.0" classname="testModules.Comparables_Redbell">
    <ignored/>
  </testcase> <!-- noCountTwice -->
  <testcase name="editFields" time="0.0" classname="testModules.Comparables_Redbell">
    <ignored/>
  </testcase> <!-- editFields -->
  <testcase name="reCalculateAvg" time="0.0" classname="testModules.Comparables_Redbell">
    <ignored/>
  </testcase> <!-- reCalculateAvg -->
  <testcase name="notPopulated" time="0.0" classname="testModules.Comparables_Redbell">
    <ignored/>
  </testcase> <!-- notPopulated -->
  <testcase name="scrolling" time="0.0" classname="testModules.Comparables_Redbell">
    <ignored/>
  </testcase> <!-- scrolling -->
  <testcase name="exteriorStyleMenu" time="0.0" classname="testModules.Comparables_Redbell">
    <ignored/>
  </testcase> <!-- exteriorStyleMenu -->
  <testcase name="screenOrganised" time="0.0" classname="testModules.Comparables_Redbell">
    <ignored/>
  </testcase> <!-- screenOrganised -->
  <testcase name="costPerSqFt" time="0.0" classname="testModules.Comparables_Redbell">
    <ignored/>
  </testcase> <!-- costPerSqFt -->
  <testcase name="atMostFour" time="0.0" classname="testModules.Comparables_Redbell">
    <ignored/>
  </testcase> <!-- atMostFour -->
  <testcase name="reportSupplied" time="0.0" classname="testModules.Comparables_Redbell">
    <ignored/>
  </testcase> <!-- reportSupplied -->
  <testcase name="selectedComparables" time="0.0" classname="testModules.Comparables_Redbell">
    <ignored/>
  </testcase> <!-- selectedComparables -->
  <testcase name="acMenu" time="0.0" classname="testModules.Comparables_Redbell">
    <ignored/>
  </testcase> <!-- acMenu -->
</testsuite> <!-- Default test -->
