<?xml version="1.0" encoding="UTF-8"?>
<!-- Generated by org.testng.reporters.JUnitXMLReporter -->
<testsuite hostname="KiwiTechs-Mac-mini-4.local" ignored="0" name="Test" tests="90" failures="4" timestamp="04 Oct 2018 15:02:57 GMT" time="4087.734" errors="0">
  <testcase name="loginElementsDisplay" time="4.73" classname="testModules.LoginTests"/>
  <testcase name="stringVisiblity" time="8.544" classname="testModules.LoginTests"/>
  <testcase name="forgotPasswordPage" time="14.889" classname="testModules.LoginTests"/>
  <testcase name="forgotPasswordCancel" time="1.356" classname="testModules.LoginTests"/>
  <testcase name="TermsAndCondLink" time="10.614" classname="testModules.LoginTests"/>
  <testcase name="TermsAndCondOff" time="31.479" classname="testModules.LoginTests">
    <skipped/>
  </testcase> <!-- TermsAndCondOff -->
  <testcase name="TermsAndCondOff" time="39.408" classname="testModules.LoginTests">
    <failure type="java.lang.AssertionError" message="expected [true] but found [false]">
      <![CDATA[java.lang.AssertionError: expected [true] but found [false]
at testModules.LoginTests.TermsAndCondOff(LoginTests.java:165)
... Removed 31 stack frames]]>
    </failure>
  </testcase> <!-- TermsAndCondOff -->
  <testcase name="noUserAndPass" time="17.568" classname="testModules.LoginTests"/>
  <testcase name="noUsername" time="6.611" classname="testModules.LoginTests"/>
  <testcase name="noPassword" time="7.519" classname="testModules.LoginTests"/>
  <testcase name="wrongUsername" time="10.009" classname="testModules.LoginTests"/>
  <testcase name="wrongPassword" time="10.47" classname="testModules.LoginTests"/>
  <testcase name="wrongUserAndPass" time="10.742" classname="testModules.LoginTests"/>
  <testcase name="passwordInCaps" time="39.134" classname="testModules.LoginTests">
    <skipped/>
  </testcase> <!-- passwordInCaps -->
  <testcase name="passwordInCaps" time="58.633" classname="testModules.LoginTests">
    <failure type="java.lang.AssertionError" message="expected [true] but found [false]">
      <![CDATA[java.lang.AssertionError: expected [true] but found [false]
at testModules.LoginTests.passwordInCaps(LoginTests.java:313)
... Removed 31 stack frames]]>
    </failure>
  </testcase> <!-- passwordInCaps -->
  <testcase name="dismissKeyboard" time="6.666" classname="testModules.LoginTests">
    <skipped/>
  </testcase> <!-- dismissKeyboard -->
  <testcase name="dismissKeyboard" time="5.566" classname="testModules.LoginTests">
    <failure type="java.lang.AssertionError" message="expected [true] but found [false]">
      <![CDATA[java.lang.AssertionError: expected [true] but found [false]
at testModules.LoginTests.dismissKeyboard(LoginTests.java:333)
... Removed 31 stack frames]]>
    </failure>
  </testcase> <!-- dismissKeyboard -->
  <testcase name="positiveLogin" time="33.099" classname="testModules.LoginTests"/>
  <testcase name="checkLogin" time="8.085" classname="testModules.LoginTests"/>
  <testcase name="logOutUsernameCheck" time="3.132" classname="testModules.LoginTests"/>
  <testcase name="offlineLogin" time="64.443" classname="testModules.LoginTests"/>
  <testcase name="offlineLoginDiffUser" time="44.945" classname="testModules.LoginTests"/>
  <testcase name="checkHomeElements" time="6.068" classname="testModules.HomeScreenTests"/>
  <testcase name="propertiesInView" time="61.995" classname="testModules.HomeScreenTests"/>
  <testcase name="menuBtnCheck" time="3.706" classname="testModules.HomeScreenTests">
    <skipped/>
  </testcase> <!-- menuBtnCheck -->
  <testcase name="menuBtnCheck" time="4.875" classname="testModules.HomeScreenTests">
    <failure type="java.lang.AssertionError" message="expected [true] but found [false]">
      <![CDATA[java.lang.AssertionError: expected [true] but found [false]
at testModules.HomeScreenTests.menuBtnCheck(HomeScreenTests.java:120)
... Removed 31 stack frames]]>
    </failure>
  </testcase> <!-- menuBtnCheck -->
  <testcase name="menuCloseOutside" time="7.269" classname="testModules.HomeScreenTests"/>
  <testcase name="navDrawerScroll" time="54.809" classname="testModules.HomeScreenTests"/>
  <testcase name="navDrawerFolders" time="86.191" classname="testModules.HomeScreenTests"/>
  <testcase name="folderState" time="80.132" classname="testModules.HomeScreenTests"/>
  <testcase name="propertyPhases" time="28.76" classname="testModules.HomeScreenTests"/>
  <testcase name="autoSelectedPhases" time="26.887" classname="testModules.HomeScreenTests"/>
  <testcase name="propertyPhasesNumber" time="33.539" classname="testModules.HomeScreenTests"/>
  <testcase name="filterOnProperty" time="218.391" classname="testModules.HomeScreenTests"/>
  <testcase name="loanPhases" time="46.605" classname="testModules.HomeScreenTests"/>
  <testcase name="filterOnLoan" time="92.583" classname="testModules.HomeScreenTests"/>
  <testcase name="dateAdded" time="38.204" classname="testModules.HomeScreenTests"/>
  <testcase name="oneFilterOnly" time="38.283" classname="testModules.HomeScreenTests"/>
  <testcase name="team" time="49.073" classname="testModules.HomeScreenTests"/>
  <testcase name="closeAndOpenCheck" time="152.558" classname="testModules.HomeScreenTests"/>
  <testcase name="settingsHeader" time="71.229" classname="testModules.HomeScreenTests"/>
  <testcase name="logOut" time="27.001" classname="testModules.HomeScreenTests"/>
  <testcase name="newPropertyBtn" time="9.039" classname="testModules.New_PropertyTests"/>
  <testcase name="newPropertyCheck" time="23.093" classname="testModules.New_PropertyTests"/>
  <testcase name="tapPropertyOne" time="13.45" classname="testModules.New_PropertyTests"/>
  <testcase name="sellerPage" time="78.184" classname="testModules.New_PropertyTests"/>
  <testcase name="defaultPhase" time="35.391" classname="testModules.New_PropertyTests"/>
  <testcase name="charLimit" time="100.847" classname="testModules.New_PropertyTests"/>
  <testcase name="fillingSeller" time="188.608" classname="testModules.New_PropertyTests"/>
  <testcase name="wrongEmail" time="78.799" classname="testModules.New_PropertyTests"/>
  <testcase name="wrongState" time="60.77" classname="testModules.New_PropertyTests"/>
  <testcase name="editingSeller" time="91.985" classname="testModules.New_PropertyTests"/>
  <testcase name="tileCheck" time="26.152" classname="testModules.New_PropertyTests"/>
  <testcase name="redBell" time="73.975" classname="testModules.New_PropertyTests"/>
  <testcase name="projectNameOnTop" time="0.58" classname="testModules.Property_HouseDetailsTest"/>
  <testcase name="houseDetailsBtn" time="16.029" classname="testModules.Property_HouseDetailsTest">
    <skipped/>
  </testcase> <!-- houseDetailsBtn -->
  <testcase name="houseDetailsBtn" time="5.946" classname="testModules.Property_HouseDetailsTest"/>
  <testcase name="houseDetailsSelection" time="6.36" classname="testModules.Property_HouseDetailsTest"/>
  <testcase name="houseDetailsCell" time="4.089" classname="testModules.Property_HouseDetailsTest"/>
  <testcase name="screenSections" time="24.129" classname="testModules.Property_HouseDetailsTest"/>
  <testcase name="checkZillowField" time="33.892" classname="testModules.Property_HouseDetailsTest"/>
  <testcase name="houseDetailsCheckmark" time="23.929" classname="testModules.Property_HouseDetailsTest"/>
  <testcase name="zillowText" time="1.978" classname="testModules.Property_HouseDetailsTest"/>
  <testcase name="zillowLogo" time="24.185" classname="testModules.Property_HouseDetailsTest"/>
  <testcase name="clickableLogo" time="55.988" classname="testModules.Property_HouseDetailsTest"/>
  <testcase name="offlineBrandingCheck" time="46.093" classname="testModules.Property_HouseDetailsTest"/>
  <testcase name="addressUpdate" time="142.856" classname="testModules.Property_HouseDetailsTest"/>
  <testcase name="editZillowFields" time="99.375" classname="testModules.Property_HouseDetailsTest"/>
  <testcase name="addOnField" time="12.655" classname="testModules.Property_HouseDetailsTest"/>
  <testcase name="addOnDropDown" time="11.818" classname="testModules.Property_HouseDetailsTest"/>
  <testcase name="homeStyleDropDown" time="16.219" classname="testModules.Property_HouseDetailsTest"/>
  <testcase name="exteriorStyleDropDown" time="22.869" classname="testModules.Property_HouseDetailsTest"/>
  <testcase name="garageSizeDropDown" time="13.134" classname="testModules.Property_HouseDetailsTest"/>
  <testcase name="tapGarageCheckBox" time="3.671" classname="testModules.Property_HouseDetailsTest"/>
  <testcase name="garageConversionField" time="16.208" classname="testModules.Property_HouseDetailsTest"/>
  <testcase name="garageConversionDropDown" time="13.736" classname="testModules.Property_HouseDetailsTest"/>
  <testcase name="acDropDown" time="12.37" classname="testModules.Property_HouseDetailsTest"/>
  <testcase name="poolDropDown" time="14.563" classname="testModules.Property_HouseDetailsTest"/>
  <testcase name="hotTub" time="14.328" classname="testModules.Property_HouseDetailsTest"/>
  <testcase name="storageBuildingField" time="14.808" classname="testModules.Property_HouseDetailsTest"/>
  <testcase name="storageBuildingDropDown" time="29.08" classname="testModules.Property_HouseDetailsTest"/>
  <testcase name="houseDimensions" time="45.781" classname="testModules.Property_HouseDetailsTest"/>
  <testcase name="addFeature" time="27.611" classname="testModules.Property_HouseDetailsTest"/>
  <testcase name="addingDataInAmenities" time="11.587" classname="testModules.Property_HouseDetailsTest">
    <skipped/>
  </testcase> <!-- addingDataInAmenities -->
  <testcase name="addingDataInAmenities" time="58.121" classname="testModules.Property_HouseDetailsTest"/>
  <testcase name="deleteAmenities" time="38.577" classname="testModules.Property_HouseDetailsTest"/>
  <testcase name="selectPricingProfile" time="28.477" classname="testModules.Property_HouseDetailsTest"/>
  <testcase name="safeSize" time="6.405" classname="testModules.Property_HouseDetailsTest"/>
  <testcase name="safeSizeInfo" time="4.521" classname="testModules.Property_HouseDetailsTest"/>
  <testcase name="notesHouseDetails" time="23.138" classname="testModules.Property_HouseDetailsTest"/>
</testsuite> <!-- Test -->
