<?xml version="1.0" encoding="UTF-8"?>
<!-- Generated by org.testng.reporters.JUnitXMLReporter -->
<testsuite hostname="KiwiTechs-Mac-mini-5.local" ignored="0" name="Test" tests="106" failures="5" timestamp="29 Oct 2018 06:51:13 GMT" time="3314.138" errors="0">
  <testcase name="loginElementsDisplay" time="5.157" classname="testModules.LoginTests"/>
  <testcase name="stringVisiblity" time="9.955" classname="testModules.LoginTests"/>
  <testcase name="forgotPasswordPage" time="16.778" classname="testModules.LoginTests"/>
  <testcase name="forgotPasswordCancel" time="1.525" classname="testModules.LoginTests"/>
  <testcase name="TermsAndCondLink" time="7.375" classname="testModules.LoginTests"/>
  <testcase name="TermsAndCondOff" time="19.358" classname="testModules.LoginTests">
    <skipped/>
  </testcase> <!-- TermsAndCondOff -->
  <testcase name="TermsAndCondOff" time="19.616" classname="testModules.LoginTests">
    <failure type="java.lang.AssertionError" message="expected [true] but found [false]">
      <![CDATA[java.lang.AssertionError: expected [true] but found [false]
at testModules.LoginTests.TermsAndCondOff(LoginTests.java:165)
... Removed 31 stack frames]]>
    </failure>
  </testcase> <!-- TermsAndCondOff -->
  <testcase name="noUserAndPass" time="9.715" classname="testModules.LoginTests"/>
  <testcase name="noUsername" time="7.216" classname="testModules.LoginTests"/>
  <testcase name="noPassword" time="8.363" classname="testModules.LoginTests"/>
  <testcase name="wrongUsername" time="11.787" classname="testModules.LoginTests"/>
  <testcase name="wrongPassword" time="11.604" classname="testModules.LoginTests"/>
  <testcase name="wrongUserAndPass" time="10.732" classname="testModules.LoginTests"/>
  <testcase name="passwordInCaps" time="52.297" classname="testModules.LoginTests">
    <skipped/>
  </testcase> <!-- passwordInCaps -->
  <testcase name="passwordInCaps" time="59.946" classname="testModules.LoginTests">
    <failure type="java.lang.AssertionError" message="expected [true] but found [false]">
      <![CDATA[java.lang.AssertionError: expected [true] but found [false]
at testModules.LoginTests.passwordInCaps(LoginTests.java:313)
... Removed 31 stack frames]]>
    </failure>
  </testcase> <!-- passwordInCaps -->
  <testcase name="dismissKeyboard" time="3.113" classname="testModules.LoginTests">
    <skipped/>
  </testcase> <!-- dismissKeyboard -->
  <testcase name="dismissKeyboard" time="4.982" classname="testModules.LoginTests">
    <failure type="java.lang.AssertionError" message="expected [true] but found [false]">
      <![CDATA[java.lang.AssertionError: expected [true] but found [false]
at testModules.LoginTests.dismissKeyboard(LoginTests.java:333)
... Removed 31 stack frames]]>
    </failure>
  </testcase> <!-- dismissKeyboard -->
  <testcase name="positiveLogin" time="53.226" classname="testModules.LoginTests"/>
  <testcase name="checkLogin" time="10.202" classname="testModules.LoginTests"/>
  <testcase name="logOutUsernameCheck" time="2.592" classname="testModules.LoginTests"/>
  <testcase name="offlineLogin" time="44.693" classname="testModules.LoginTests"/>
  <testcase name="offlineLoginDiffUser" time="24.19" classname="testModules.LoginTests"/>
  <testcase name="checkHomeElements" time="4.197" classname="testModules.HomeScreenTests"/>
  <testcase name="propertiesInView" time="61.606" classname="testModules.HomeScreenTests"/>
  <testcase name="menuBtnCheck" time="4.091" classname="testModules.HomeScreenTests">
    <skipped/>
  </testcase> <!-- menuBtnCheck -->
  <testcase name="menuBtnCheck" time="2.841" classname="testModules.HomeScreenTests">
    <failure type="java.lang.AssertionError" message="expected [true] but found [false]">
      <![CDATA[java.lang.AssertionError: expected [true] but found [false]
at testModules.HomeScreenTests.menuBtnCheck(HomeScreenTests.java:120)
... Removed 31 stack frames]]>
    </failure>
  </testcase> <!-- menuBtnCheck -->
  <testcase name="menuCloseOutside" time="6.335" classname="testModules.HomeScreenTests"/>
  <testcase name="navDrawerScroll" time="29.486" classname="testModules.HomeScreenTests"/>
  <testcase name="navDrawerFolders" time="41.214" classname="testModules.HomeScreenTests"/>
  <testcase name="folderState" time="44.034" classname="testModules.HomeScreenTests"/>
  <testcase name="propertyPhases" time="11.395" classname="testModules.HomeScreenTests"/>
  <testcase name="autoSelectedPhases" time="10.854" classname="testModules.HomeScreenTests"/>
  <testcase name="propertyPhasesNumber" time="13.15" classname="testModules.HomeScreenTests"/>
  <testcase name="filterOnProperty" time="129.705" classname="testModules.HomeScreenTests"/>
  <testcase name="loanPhases" time="28.62" classname="testModules.HomeScreenTests"/>
  <testcase name="filterOnLoan" time="44.516" classname="testModules.HomeScreenTests"/>
  <testcase name="dateAdded" time="14.443" classname="testModules.HomeScreenTests"/>
  <testcase name="oneFilterOnly" time="29.117" classname="testModules.HomeScreenTests"/>
  <testcase name="team" time="37.246" classname="testModules.HomeScreenTests"/>
  <testcase name="closeAndOpenCheck" time="70.026" classname="testModules.HomeScreenTests"/>
  <testcase name="settingsHeader" time="26.2" classname="testModules.HomeScreenTests"/>
  <testcase name="logOut" time="7.52" classname="testModules.HomeScreenTests"/>
  <testcase name="newPropertyBtn" time="7.864" classname="testModules.New_PropertyTests"/>
  <testcase name="newPropertyCheck" time="13.976" classname="testModules.New_PropertyTests"/>
  <testcase name="tapPropertyOne" time="12.093" classname="testModules.New_PropertyTests"/>
  <testcase name="sellerPage" time="33.261" classname="testModules.New_PropertyTests"/>
  <testcase name="defaultPhase" time="12.532" classname="testModules.New_PropertyTests"/>
  <testcase name="charLimit" time="52.593" classname="testModules.New_PropertyTests"/>
  <testcase name="fillingSeller" time="99.0" classname="testModules.New_PropertyTests"/>
  <testcase name="wrongEmail" time="44.228" classname="testModules.New_PropertyTests"/>
  <testcase name="wrongState" time="32.427" classname="testModules.New_PropertyTests"/>
  <testcase name="editingSeller" time="51.084" classname="testModules.New_PropertyTests"/>
  <testcase name="tileCheck" time="10.795" classname="testModules.New_PropertyTests"/>
  <testcase name="redBell" time="38.701" classname="testModules.New_PropertyTests"/>
  <testcase name="projectNameOnTop" time="0.6" classname="testModules.Property_HouseDetailsTest"/>
  <testcase name="houseDetailsBtn" time="7.741" classname="testModules.Property_HouseDetailsTest"/>
  <testcase name="houseDetailsSelection" time="2.143" classname="testModules.Property_HouseDetailsTest"/>
  <testcase name="houseDetailsCell" time="3.023" classname="testModules.Property_HouseDetailsTest"/>
  <testcase name="screenSections" time="9.75" classname="testModules.Property_HouseDetailsTest"/>
  <testcase name="checkZillowField" time="13.299" classname="testModules.Property_HouseDetailsTest"/>
  <testcase name="houseDetailsCheckmark" time="5.593" classname="testModules.Property_HouseDetailsTest"/>
  <testcase name="zillowText" time="1.653" classname="testModules.Property_HouseDetailsTest"/>
  <testcase name="zillowLogo" time="10.397" classname="testModules.Property_HouseDetailsTest"/>
  <testcase name="clickableLogo" time="34.844" classname="testModules.Property_HouseDetailsTest">
    <skipped/>
  </testcase> <!-- clickableLogo -->
  <testcase name="clickableLogo" time="44.898" classname="testModules.Property_HouseDetailsTest">
    <failure type="java.lang.AssertionError" message="expected [true] but found [false]">
      <![CDATA[java.lang.AssertionError: expected [true] but found [false]
at testModules.Property_HouseDetailsTest.clickableLogo(Property_HouseDetailsTest.java:245)
... Removed 31 stack frames]]>
    </failure>
  </testcase> <!-- clickableLogo -->
  <testcase name="offlineBrandingCheck" time="25.776" classname="testModules.Property_HouseDetailsTest"/>
  <testcase name="addressUpdate" time="70.912" classname="testModules.Property_HouseDetailsTest"/>
  <testcase name="editZillowFields" time="48.693" classname="testModules.Property_HouseDetailsTest"/>
  <testcase name="addOnField" time="9.773" classname="testModules.Property_HouseDetailsTest"/>
  <testcase name="addOnDropDown" time="19.828" classname="testModules.Property_HouseDetailsTest"/>
  <testcase name="homeStyleDropDown" time="21.323" classname="testModules.Property_HouseDetailsTest"/>
  <testcase name="exteriorStyleDropDown" time="22.245" classname="testModules.Property_HouseDetailsTest"/>
  <testcase name="garageSizeDropDown" time="11.996" classname="testModules.Property_HouseDetailsTest"/>
  <testcase name="tapGarageCheckBox" time="3.461" classname="testModules.Property_HouseDetailsTest"/>
  <testcase name="garageConversionField" time="9.839" classname="testModules.Property_HouseDetailsTest"/>
  <testcase name="garageConversionDropDown" time="20.061" classname="testModules.Property_HouseDetailsTest"/>
  <testcase name="acDropDown" time="11.957" classname="testModules.Property_HouseDetailsTest"/>
  <testcase name="poolDropDown" time="17.777" classname="testModules.Property_HouseDetailsTest"/>
  <testcase name="hotTub" time="13.702" classname="testModules.Property_HouseDetailsTest"/>
  <testcase name="storageBuildingField" time="9.433" classname="testModules.Property_HouseDetailsTest"/>
  <testcase name="storageBuildingDropDown" time="12.556" classname="testModules.Property_HouseDetailsTest"/>
  <testcase name="houseDimensions" time="16.523" classname="testModules.Property_HouseDetailsTest"/>
  <testcase name="addFeature" time="16.766" classname="testModules.Property_HouseDetailsTest"/>
  <testcase name="addingDataInAmenities" time="34.788" classname="testModules.Property_HouseDetailsTest"/>
  <testcase name="deleteAmenities" time="10.298" classname="testModules.Property_HouseDetailsTest"/>
  <testcase name="selectPricingProfile" time="30.745" classname="testModules.Property_HouseDetailsTest"/>
  <testcase name="safeSize" time="4.798" classname="testModules.Property_HouseDetailsTest"/>
  <testcase name="safeSizeInfo" time="4.428" classname="testModules.Property_HouseDetailsTest"/>
  <testcase name="notesHouseDetails" time="14.801" classname="testModules.Property_HouseDetailsTest"/>
  <testcase name="comparablesCount" time="6.092" classname="testModules.Property_Comparables_Redbell">
    <skipped/>
  </testcase> <!-- comparablesCount -->
  <testcase name="comparablesCount" time="64.536" classname="testModules.Property_Comparables_Redbell"/>
  <testcase name="selectedComparables" time="22.044" classname="testModules.Property_Comparables_Redbell"/>
  <testcase name="atMostFour" time="86.807" classname="testModules.Property_Comparables_Redbell"/>
  <testcase name="costPerSqFt" time="38.286" classname="testModules.Property_Comparables_Redbell"/>
  <testcase name="editFields" time="62.835" classname="testModules.Property_Comparables_Redbell"/>
  <testcase name="scrolling" time="39.776" classname="testModules.Property_Comparables_Redbell"/>
  <testcase name="comparablesObjects" time="38.222" classname="testModules.Property_Comparables_Redbell"/>
  <testcase name="subjectProp" time="25.848" classname="testModules.Property_Comparables_Redbell"/>
  <testcase name="noCountTwice" time="7.516" classname="testModules.Property_Comparables_Redbell"/>
  <testcase name="notPopulated" time="24.332" classname="testModules.Property_Comparables_Redbell"/>
  <testcase name="acMenu" time="23.079" classname="testModules.Property_Comparables_Redbell"/>
  <testcase name="exteriorStyleMenu" time="37.799" classname="testModules.Property_Comparables_Redbell"/>
  <testcase name="reCalculateAvg" time="17.994" classname="testModules.Property_Comparables_Redbell"/>
  <testcase name="screenOrganised" time="19.244" classname="testModules.Property_Comparables_Redbell"/>
  <testcase name="countTwice" time="16.97" classname="testModules.Property_Comparables_Redbell"/>
  <testcase name="reportSupplied" time="29.486" classname="testModules.Property_Comparables_Redbell"/>
</testsuite> <!-- Test -->
