<?xml version="1.0" encoding="UTF-8"?>
<testng-results skipped="0" failed="0" ignored="18" total="18" passed="0">
  <reporter-output>
  </reporter-output>
  <suite name="Suite" duration-ms="60249" started-at="2018-09-25T11:01:42Z" finished-at="2018-09-25T11:02:42Z">
    <groups>
    </groups>
    <test name="Test" duration-ms="60249" started-at="2018-09-25T11:01:42Z" finished-at="2018-09-25T11:02:42Z">
      <class name="testModules.LoginTests">
        <test-method status="PASS" signature="afterClass()[pri:0, instance:testModules.LoginTests@3a7b503d]" name="afterClass" is-config="true" duration-ms="21902" started-at="2018-09-25T11:02:20Z" finished-at="2018-09-25T11:02:42Z">
          <reporter-output>
          </reporter-output>
        </test-method> <!-- afterClass -->
      </class> <!-- testModules.LoginTests -->
    </test> <!-- Test -->
  </suite> <!-- Suite -->
</testng-results>
