<?xml version="1.0" encoding="UTF-8"?>
<testng-results skipped="3" failed="3" ignored="0" total="22" passed="16">
  <reporter-output>
  </reporter-output>
  <suite name="Suite" duration-ms="478512" started-at="2018-10-17T11:07:54Z" finished-at="2018-10-17T11:15:53Z">
    <groups>
    </groups>
    <test name="Test" duration-ms="478512" started-at="2018-10-17T11:07:54Z" finished-at="2018-10-17T11:15:53Z">
      <class name="testModules.LoginTests">
        <test-method status="PASS" signature="beforeTest(java.lang.reflect.Method)[pri:0, instance:testModules.LoginTests@30b6ffe0]" name="beforeTest" is-config="true" duration-ms="5179" started-at="2018-10-17T11:07:57Z" finished-at="2018-10-17T11:08:02Z">
          <params>
            <param index="0">
              <value>
                <![CDATA[public void testModules.LoginTests.loginElementsDisplay()]]>
              </value>
            </param>
          </params>
          <reporter-output>
          </reporter-output>
        </test-method> <!-- beforeTest -->
        <test-method status="PASS" signature="loginElementsDisplay()[pri:0, instance:testModules.LoginTests@30b6ffe0]" name="loginElementsDisplay" duration-ms="4819" started-at="2018-10-17T11:08:02Z" finished-at="2018-10-17T11:08:07Z">
          <reporter-output>
          </reporter-output>
        </test-method> <!-- loginElementsDisplay -->
        <test-method status="PASS" signature="beforeTest(java.lang.reflect.Method)[pri:0, instance:testModules.LoginTests@30b6ffe0]" name="beforeTest" is-config="true" duration-ms="5664" started-at="2018-10-17T11:08:09Z" finished-at="2018-10-17T11:08:14Z">
          <params>
            <param index="0">
              <value>
                <![CDATA[public void testModules.LoginTests.stringVisiblity(java.lang.String,java.lang.String)]]>
              </value>
            </param>
          </params>
          <reporter-output>
          </reporter-output>
        </test-method> <!-- beforeTest -->
        <test-method status="PASS" signature="stringVisiblity(java.lang.String, java.lang.String)[pri:0, instance:testModules.LoginTests@30b6ffe0]" name="stringVisiblity" duration-ms="8291" started-at="2018-10-17T11:08:14Z" data-provider="data" finished-at="2018-10-17T11:08:23Z">
          <params>
            <param index="0">
              <value>
                <![CDATA[kiwitech1]]>
              </value>
            </param>
            <param index="1">
              <value>
                <![CDATA[password]]>
              </value>
            </param>
          </params>
          <reporter-output>
          </reporter-output>
        </test-method> <!-- stringVisiblity -->
        <test-method status="PASS" signature="beforeTest(java.lang.reflect.Method)[pri:0, instance:testModules.LoginTests@30b6ffe0]" name="beforeTest" is-config="true" duration-ms="5602" started-at="2018-10-17T11:08:23Z" finished-at="2018-10-17T11:08:28Z">
          <params>
            <param index="0">
              <value>
                <![CDATA[public void testModules.LoginTests.forgotPasswordPage()]]>
              </value>
            </param>
          </params>
          <reporter-output>
          </reporter-output>
        </test-method> <!-- beforeTest -->
        <test-method status="PASS" signature="forgotPasswordPage()[pri:0, instance:testModules.LoginTests@30b6ffe0]" name="forgotPasswordPage" duration-ms="15751" started-at="2018-10-17T11:08:28Z" finished-at="2018-10-17T11:08:44Z">
          <reporter-output>
          </reporter-output>
        </test-method> <!-- forgotPasswordPage -->
        <test-method status="PASS" signature="beforeTest(java.lang.reflect.Method)[pri:0, instance:testModules.LoginTests@30b6ffe0]" name="beforeTest" is-config="true" duration-ms="7137" started-at="2018-10-17T11:08:44Z" finished-at="2018-10-17T11:08:51Z">
          <params>
            <param index="0">
              <value>
                <![CDATA[public void testModules.LoginTests.forgotPasswordCancel()]]>
              </value>
            </param>
          </params>
          <reporter-output>
          </reporter-output>
        </test-method> <!-- beforeTest -->
        <test-method status="PASS" signature="forgotPasswordCancel()[pri:0, instance:testModules.LoginTests@30b6ffe0]" name="forgotPasswordCancel" duration-ms="1324" started-at="2018-10-17T11:08:51Z" finished-at="2018-10-17T11:08:52Z">
          <reporter-output>
          </reporter-output>
        </test-method> <!-- forgotPasswordCancel -->
        <test-method status="PASS" signature="beforeTest(java.lang.reflect.Method)[pri:0, instance:testModules.LoginTests@30b6ffe0]" name="beforeTest" is-config="true" duration-ms="5768" started-at="2018-10-17T11:08:52Z" finished-at="2018-10-17T11:08:58Z">
          <params>
            <param index="0">
              <value>
                <![CDATA[public void testModules.LoginTests.TermsAndCondLink()]]>
              </value>
            </param>
          </params>
          <reporter-output>
          </reporter-output>
        </test-method> <!-- beforeTest -->
        <test-method status="PASS" signature="TermsAndCondLink()[pri:0, instance:testModules.LoginTests@30b6ffe0]" name="TermsAndCondLink" duration-ms="8889" started-at="2018-10-17T11:08:58Z" finished-at="2018-10-17T11:09:07Z">
          <reporter-output>
          </reporter-output>
        </test-method> <!-- TermsAndCondLink -->
        <test-method status="PASS" signature="beforeTest(java.lang.reflect.Method)[pri:0, instance:testModules.LoginTests@30b6ffe0]" name="beforeTest" is-config="true" duration-ms="6140" started-at="2018-10-17T11:09:07Z" finished-at="2018-10-17T11:09:13Z">
          <params>
            <param index="0">
              <value>
                <![CDATA[public void testModules.LoginTests.TermsAndCondOff()]]>
              </value>
            </param>
          </params>
          <reporter-output>
          </reporter-output>
        </test-method> <!-- beforeTest -->
        <test-method status="SKIP" signature="TermsAndCondOff()[pri:0, instance:testModules.LoginTests@30b6ffe0]" name="TermsAndCondOff" duration-ms="16772" started-at="2018-10-17T11:09:13Z" finished-at="2018-10-17T11:09:30Z">
          <exception class="java.lang.AssertionError">
            <message>
              <![CDATA[expected [true] but found [false]]]>
            </message>
            <full-stacktrace>
              <![CDATA[java.lang.AssertionError: expected [true] but found [false]
at org.testng.Assert.fail(Assert.java:96)
at org.testng.Assert.failNotEquals(Assert.java:776)
at org.testng.Assert.assertEqualsImpl(Assert.java:137)
at org.testng.Assert.assertEquals(Assert.java:118)
at org.testng.Assert.assertEquals(Assert.java:568)
at org.testng.Assert.assertEquals(Assert.java:578)
at testModules.LoginTests.TermsAndCondOff(LoginTests.java:165)
at sun.reflect.NativeMethodAccessorImpl.invoke0(Native Method)
at sun.reflect.NativeMethodAccessorImpl.invoke(NativeMethodAccessorImpl.java:62)
at sun.reflect.DelegatingMethodAccessorImpl.invoke(DelegatingMethodAccessorImpl.java:43)
at java.lang.reflect.Method.invoke(Method.java:498)
at org.testng.internal.MethodInvocationHelper.invokeMethod(MethodInvocationHelper.java:124)
at org.testng.internal.Invoker.invokeMethod(Invoker.java:580)
at org.testng.internal.Invoker.invokeTestMethod(Invoker.java:716)
at org.testng.internal.Invoker.invokeTestMethods(Invoker.java:988)
at org.testng.internal.TestMethodWorker.invokeTestMethods(TestMethodWorker.java:125)
at org.testng.internal.TestMethodWorker.run(TestMethodWorker.java:109)
at org.testng.TestRunner.privateRun(TestRunner.java:648)
at org.testng.TestRunner.run(TestRunner.java:505)
at org.testng.SuiteRunner.runTest(SuiteRunner.java:455)
at org.testng.SuiteRunner.runSequentially(SuiteRunner.java:450)
at org.testng.SuiteRunner.privateRun(SuiteRunner.java:415)
at org.testng.SuiteRunner.run(SuiteRunner.java:364)
at org.testng.SuiteRunnerWorker.runSuite(SuiteRunnerWorker.java:52)
at org.testng.SuiteRunnerWorker.run(SuiteRunnerWorker.java:84)
at org.testng.TestNG.runSuitesSequentially(TestNG.java:1208)
at org.testng.TestNG.runSuitesLocally(TestNG.java:1137)
at org.testng.TestNG.runSuites(TestNG.java:1049)
at org.testng.TestNG.run(TestNG.java:1017)
at org.testng.remote.AbstractRemoteTestNG.run(AbstractRemoteTestNG.java:114)
at org.testng.remote.RemoteTestNG.initAndRun(RemoteTestNG.java:251)
at org.testng.remote.RemoteTestNG.main(RemoteTestNG.java:77)
]]>
            </full-stacktrace>
          </exception> <!-- java.lang.AssertionError -->
          <reporter-output>
          </reporter-output>
        </test-method> <!-- TermsAndCondOff -->
        <test-method status="PASS" signature="beforeTest(java.lang.reflect.Method)[pri:0, instance:testModules.LoginTests@30b6ffe0]" name="beforeTest" is-config="true" duration-ms="5678" started-at="2018-10-17T11:09:30Z" finished-at="2018-10-17T11:09:36Z">
          <params>
            <param index="0">
              <value>
                <![CDATA[public void testModules.LoginTests.TermsAndCondOff()]]>
              </value>
            </param>
          </params>
          <reporter-output>
          </reporter-output>
        </test-method> <!-- beforeTest -->
        <test-method status="FAIL" signature="TermsAndCondOff()[pri:0, instance:testModules.LoginTests@30b6ffe0]" name="TermsAndCondOff" duration-ms="16794" started-at="2018-10-17T11:09:36Z" finished-at="2018-10-17T11:09:52Z">
          <exception class="java.lang.AssertionError">
            <message>
              <![CDATA[expected [true] but found [false]]]>
            </message>
            <full-stacktrace>
              <![CDATA[java.lang.AssertionError: expected [true] but found [false]
at org.testng.Assert.fail(Assert.java:96)
at org.testng.Assert.failNotEquals(Assert.java:776)
at org.testng.Assert.assertEqualsImpl(Assert.java:137)
at org.testng.Assert.assertEquals(Assert.java:118)
at org.testng.Assert.assertEquals(Assert.java:568)
at org.testng.Assert.assertEquals(Assert.java:578)
at testModules.LoginTests.TermsAndCondOff(LoginTests.java:165)
at sun.reflect.NativeMethodAccessorImpl.invoke0(Native Method)
at sun.reflect.NativeMethodAccessorImpl.invoke(NativeMethodAccessorImpl.java:62)
at sun.reflect.DelegatingMethodAccessorImpl.invoke(DelegatingMethodAccessorImpl.java:43)
at java.lang.reflect.Method.invoke(Method.java:498)
at org.testng.internal.MethodInvocationHelper.invokeMethod(MethodInvocationHelper.java:124)
at org.testng.internal.Invoker.invokeMethod(Invoker.java:580)
at org.testng.internal.Invoker.retryFailed(Invoker.java:838)
at org.testng.internal.Invoker.invokeTestMethods(Invoker.java:1009)
at org.testng.internal.TestMethodWorker.invokeTestMethods(TestMethodWorker.java:125)
at org.testng.internal.TestMethodWorker.run(TestMethodWorker.java:109)
at org.testng.TestRunner.privateRun(TestRunner.java:648)
at org.testng.TestRunner.run(TestRunner.java:505)
at org.testng.SuiteRunner.runTest(SuiteRunner.java:455)
at org.testng.SuiteRunner.runSequentially(SuiteRunner.java:450)
at org.testng.SuiteRunner.privateRun(SuiteRunner.java:415)
at org.testng.SuiteRunner.run(SuiteRunner.java:364)
at org.testng.SuiteRunnerWorker.runSuite(SuiteRunnerWorker.java:52)
at org.testng.SuiteRunnerWorker.run(SuiteRunnerWorker.java:84)
at org.testng.TestNG.runSuitesSequentially(TestNG.java:1208)
at org.testng.TestNG.runSuitesLocally(TestNG.java:1137)
at org.testng.TestNG.runSuites(TestNG.java:1049)
at org.testng.TestNG.run(TestNG.java:1017)
at org.testng.remote.AbstractRemoteTestNG.run(AbstractRemoteTestNG.java:114)
at org.testng.remote.RemoteTestNG.initAndRun(RemoteTestNG.java:251)
at org.testng.remote.RemoteTestNG.main(RemoteTestNG.java:77)
]]>
            </full-stacktrace>
          </exception> <!-- java.lang.AssertionError -->
          <reporter-output>
          </reporter-output>
        </test-method> <!-- TermsAndCondOff -->
        <test-method status="PASS" signature="beforeTest(java.lang.reflect.Method)[pri:0, instance:testModules.LoginTests@30b6ffe0]" name="beforeTest" is-config="true" duration-ms="5503" started-at="2018-10-17T11:09:52Z" finished-at="2018-10-17T11:09:58Z">
          <params>
            <param index="0">
              <value>
                <![CDATA[public void testModules.LoginTests.noUserAndPass()]]>
              </value>
            </param>
          </params>
          <reporter-output>
          </reporter-output>
        </test-method> <!-- beforeTest -->
        <test-method status="PASS" signature="noUserAndPass()[pri:0, instance:testModules.LoginTests@30b6ffe0]" name="noUserAndPass" duration-ms="7896" started-at="2018-10-17T11:09:58Z" finished-at="2018-10-17T11:10:06Z">
          <reporter-output>
          </reporter-output>
        </test-method> <!-- noUserAndPass -->
        <test-method status="PASS" signature="beforeTest(java.lang.reflect.Method)[pri:0, instance:testModules.LoginTests@30b6ffe0]" name="beforeTest" is-config="true" duration-ms="5467" started-at="2018-10-17T11:10:07Z" finished-at="2018-10-17T11:10:12Z">
          <params>
            <param index="0">
              <value>
                <![CDATA[public void testModules.LoginTests.noUsername(java.lang.String)]]>
              </value>
            </param>
          </params>
          <reporter-output>
          </reporter-output>
        </test-method> <!-- beforeTest -->
        <test-method status="PASS" signature="noUsername(java.lang.String)[pri:0, instance:testModules.LoginTests@30b6ffe0]" name="noUsername" duration-ms="5918" started-at="2018-10-17T11:10:12Z" data-provider="data" finished-at="2018-10-17T11:10:18Z">
          <params>
            <param index="0">
              <value>
                <![CDATA[hvavc2]]>
              </value>
            </param>
          </params>
          <reporter-output>
          </reporter-output>
        </test-method> <!-- noUsername -->
        <test-method status="PASS" signature="beforeTest(java.lang.reflect.Method)[pri:0, instance:testModules.LoginTests@30b6ffe0]" name="beforeTest" is-config="true" duration-ms="7147" started-at="2018-10-17T11:10:20Z" finished-at="2018-10-17T11:10:27Z">
          <params>
            <param index="0">
              <value>
                <![CDATA[public void testModules.LoginTests.noPassword(java.lang.String)]]>
              </value>
            </param>
          </params>
          <reporter-output>
          </reporter-output>
        </test-method> <!-- beforeTest -->
        <test-method status="PASS" signature="noPassword(java.lang.String)[pri:0, instance:testModules.LoginTests@30b6ffe0]" name="noPassword" duration-ms="7540" started-at="2018-10-17T11:10:27Z" data-provider="data" finished-at="2018-10-17T11:10:34Z">
          <params>
            <param index="0">
              <value>
                <![CDATA[kiwitech2]]>
              </value>
            </param>
          </params>
          <reporter-output>
          </reporter-output>
        </test-method> <!-- noPassword -->
        <test-method status="PASS" signature="beforeTest(java.lang.reflect.Method)[pri:0, instance:testModules.LoginTests@30b6ffe0]" name="beforeTest" is-config="true" duration-ms="6723" started-at="2018-10-17T11:10:35Z" finished-at="2018-10-17T11:10:42Z">
          <params>
            <param index="0">
              <value>
                <![CDATA[public void testModules.LoginTests.wrongUsername(java.lang.String,java.lang.String)]]>
              </value>
            </param>
          </params>
          <reporter-output>
          </reporter-output>
        </test-method> <!-- beforeTest -->
        <test-method status="PASS" signature="wrongUsername(java.lang.String, java.lang.String)[pri:0, instance:testModules.LoginTests@30b6ffe0]" name="wrongUsername" duration-ms="9719" started-at="2018-10-17T11:10:42Z" data-provider="data" finished-at="2018-10-17T11:10:51Z">
          <params>
            <param index="0">
              <value>
                <![CDATA[kiwitech22]]>
              </value>
            </param>
            <param index="1">
              <value>
                <![CDATA[hvavc2]]>
              </value>
            </param>
          </params>
          <reporter-output>
          </reporter-output>
        </test-method> <!-- wrongUsername -->
        <test-method status="PASS" signature="beforeTest(java.lang.reflect.Method)[pri:0, instance:testModules.LoginTests@30b6ffe0]" name="beforeTest" is-config="true" duration-ms="5733" started-at="2018-10-17T11:10:52Z" finished-at="2018-10-17T11:10:57Z">
          <params>
            <param index="0">
              <value>
                <![CDATA[public void testModules.LoginTests.wrongPassword(java.lang.String,java.lang.String)]]>
              </value>
            </param>
          </params>
          <reporter-output>
          </reporter-output>
        </test-method> <!-- beforeTest -->
        <test-method status="PASS" signature="wrongPassword(java.lang.String, java.lang.String)[pri:0, instance:testModules.LoginTests@30b6ffe0]" name="wrongPassword" duration-ms="15796" started-at="2018-10-17T11:10:57Z" data-provider="data" finished-at="2018-10-17T11:11:13Z">
          <params>
            <param index="0">
              <value>
                <![CDATA[kiwitech2]]>
              </value>
            </param>
            <param index="1">
              <value>
                <![CDATA[hvavc]]>
              </value>
            </param>
          </params>
          <reporter-output>
          </reporter-output>
        </test-method> <!-- wrongPassword -->
        <test-method status="PASS" signature="beforeTest(java.lang.reflect.Method)[pri:0, instance:testModules.LoginTests@30b6ffe0]" name="beforeTest" is-config="true" duration-ms="6462" started-at="2018-10-17T11:11:14Z" finished-at="2018-10-17T11:11:20Z">
          <params>
            <param index="0">
              <value>
                <![CDATA[public void testModules.LoginTests.wrongUserAndPass(java.lang.String,java.lang.String)]]>
              </value>
            </param>
          </params>
          <reporter-output>
          </reporter-output>
        </test-method> <!-- beforeTest -->
        <test-method status="PASS" signature="wrongUserAndPass(java.lang.String, java.lang.String)[pri:0, instance:testModules.LoginTests@30b6ffe0]" name="wrongUserAndPass" duration-ms="12872" started-at="2018-10-17T11:11:20Z" data-provider="data" finished-at="2018-10-17T11:11:33Z">
          <params>
            <param index="0">
              <value>
                <![CDATA[@##$%%^^^]]>
              </value>
            </param>
            <param index="1">
              <value>
                <![CDATA[##$%^^&&&]]>
              </value>
            </param>
          </params>
          <reporter-output>
          </reporter-output>
        </test-method> <!-- wrongUserAndPass -->
        <test-method status="PASS" signature="beforeTest(java.lang.reflect.Method)[pri:0, instance:testModules.LoginTests@30b6ffe0]" name="beforeTest" is-config="true" duration-ms="6840" started-at="2018-10-17T11:11:34Z" finished-at="2018-10-17T11:11:41Z">
          <params>
            <param index="0">
              <value>
                <![CDATA[public void testModules.LoginTests.passwordInCaps(java.lang.String,java.lang.String) throws java.lang.InterruptedException]]>
              </value>
            </param>
          </params>
          <reporter-output>
          </reporter-output>
        </test-method> <!-- beforeTest -->
        <test-method status="SKIP" signature="passwordInCaps(java.lang.String, java.lang.String)[pri:0, instance:testModules.LoginTests@30b6ffe0]" name="passwordInCaps" duration-ms="37772" started-at="2018-10-17T11:11:41Z" data-provider="data" finished-at="2018-10-17T11:12:18Z">
          <params>
            <param index="0">
              <value>
                <![CDATA[kiwitech2]]>
              </value>
            </param>
            <param index="1">
              <value>
                <![CDATA[HVAVC2]]>
              </value>
            </param>
          </params>
          <exception class="java.lang.AssertionError">
            <message>
              <![CDATA[expected [true] but found [false]]]>
            </message>
            <full-stacktrace>
              <![CDATA[java.lang.AssertionError: expected [true] but found [false]
at org.testng.Assert.fail(Assert.java:96)
at org.testng.Assert.failNotEquals(Assert.java:776)
at org.testng.Assert.assertEqualsImpl(Assert.java:137)
at org.testng.Assert.assertEquals(Assert.java:118)
at org.testng.Assert.assertEquals(Assert.java:568)
at org.testng.Assert.assertEquals(Assert.java:578)
at testModules.LoginTests.passwordInCaps(LoginTests.java:313)
at sun.reflect.NativeMethodAccessorImpl.invoke0(Native Method)
at sun.reflect.NativeMethodAccessorImpl.invoke(NativeMethodAccessorImpl.java:62)
at sun.reflect.DelegatingMethodAccessorImpl.invoke(DelegatingMethodAccessorImpl.java:43)
at java.lang.reflect.Method.invoke(Method.java:498)
at org.testng.internal.MethodInvocationHelper.invokeMethod(MethodInvocationHelper.java:124)
at org.testng.internal.Invoker.invokeMethod(Invoker.java:580)
at org.testng.internal.Invoker.invokeTestMethod(Invoker.java:716)
at org.testng.internal.Invoker.invokeTestMethods(Invoker.java:988)
at org.testng.internal.TestMethodWorker.invokeTestMethods(TestMethodWorker.java:125)
at org.testng.internal.TestMethodWorker.run(TestMethodWorker.java:109)
at org.testng.TestRunner.privateRun(TestRunner.java:648)
at org.testng.TestRunner.run(TestRunner.java:505)
at org.testng.SuiteRunner.runTest(SuiteRunner.java:455)
at org.testng.SuiteRunner.runSequentially(SuiteRunner.java:450)
at org.testng.SuiteRunner.privateRun(SuiteRunner.java:415)
at org.testng.SuiteRunner.run(SuiteRunner.java:364)
at org.testng.SuiteRunnerWorker.runSuite(SuiteRunnerWorker.java:52)
at org.testng.SuiteRunnerWorker.run(SuiteRunnerWorker.java:84)
at org.testng.TestNG.runSuitesSequentially(TestNG.java:1208)
at org.testng.TestNG.runSuitesLocally(TestNG.java:1137)
at org.testng.TestNG.runSuites(TestNG.java:1049)
at org.testng.TestNG.run(TestNG.java:1017)
at org.testng.remote.AbstractRemoteTestNG.run(AbstractRemoteTestNG.java:114)
at org.testng.remote.RemoteTestNG.initAndRun(RemoteTestNG.java:251)
at org.testng.remote.RemoteTestNG.main(RemoteTestNG.java:77)
]]>
            </full-stacktrace>
          </exception> <!-- java.lang.AssertionError -->
          <reporter-output>
          </reporter-output>
        </test-method> <!-- passwordInCaps -->
        <test-method status="PASS" signature="beforeTest(java.lang.reflect.Method)[pri:0, instance:testModules.LoginTests@30b6ffe0]" name="beforeTest" is-config="true" duration-ms="5491" started-at="2018-10-17T11:12:19Z" finished-at="2018-10-17T11:12:24Z">
          <params>
            <param index="0">
              <value>
                <![CDATA[public void testModules.LoginTests.passwordInCaps(java.lang.String,java.lang.String) throws java.lang.InterruptedException]]>
              </value>
            </param>
          </params>
          <reporter-output>
          </reporter-output>
        </test-method> <!-- beforeTest -->
        <test-method status="FAIL" signature="passwordInCaps(java.lang.String, java.lang.String)[pri:0, instance:testModules.LoginTests@30b6ffe0]" name="passwordInCaps" duration-ms="42182" started-at="2018-10-17T11:12:24Z" data-provider="data" finished-at="2018-10-17T11:13:07Z">
          <params>
            <param index="0">
              <value>
                <![CDATA[kiwitech2]]>
              </value>
            </param>
            <param index="1">
              <value>
                <![CDATA[HVAVC2]]>
              </value>
            </param>
          </params>
          <exception class="java.lang.AssertionError">
            <message>
              <![CDATA[expected [true] but found [false]]]>
            </message>
            <full-stacktrace>
              <![CDATA[java.lang.AssertionError: expected [true] but found [false]
at org.testng.Assert.fail(Assert.java:96)
at org.testng.Assert.failNotEquals(Assert.java:776)
at org.testng.Assert.assertEqualsImpl(Assert.java:137)
at org.testng.Assert.assertEquals(Assert.java:118)
at org.testng.Assert.assertEquals(Assert.java:568)
at org.testng.Assert.assertEquals(Assert.java:578)
at testModules.LoginTests.passwordInCaps(LoginTests.java:313)
at sun.reflect.NativeMethodAccessorImpl.invoke0(Native Method)
at sun.reflect.NativeMethodAccessorImpl.invoke(NativeMethodAccessorImpl.java:62)
at sun.reflect.DelegatingMethodAccessorImpl.invoke(DelegatingMethodAccessorImpl.java:43)
at java.lang.reflect.Method.invoke(Method.java:498)
at org.testng.internal.MethodInvocationHelper.invokeMethod(MethodInvocationHelper.java:124)
at org.testng.internal.Invoker.invokeMethod(Invoker.java:580)
at org.testng.internal.Invoker.retryFailed(Invoker.java:838)
at org.testng.internal.Invoker.invokeTestMethods(Invoker.java:1009)
at org.testng.internal.TestMethodWorker.invokeTestMethods(TestMethodWorker.java:125)
at org.testng.internal.TestMethodWorker.run(TestMethodWorker.java:109)
at org.testng.TestRunner.privateRun(TestRunner.java:648)
at org.testng.TestRunner.run(TestRunner.java:505)
at org.testng.SuiteRunner.runTest(SuiteRunner.java:455)
at org.testng.SuiteRunner.runSequentially(SuiteRunner.java:450)
at org.testng.SuiteRunner.privateRun(SuiteRunner.java:415)
at org.testng.SuiteRunner.run(SuiteRunner.java:364)
at org.testng.SuiteRunnerWorker.runSuite(SuiteRunnerWorker.java:52)
at org.testng.SuiteRunnerWorker.run(SuiteRunnerWorker.java:84)
at org.testng.TestNG.runSuitesSequentially(TestNG.java:1208)
at org.testng.TestNG.runSuitesLocally(TestNG.java:1137)
at org.testng.TestNG.runSuites(TestNG.java:1049)
at org.testng.TestNG.run(TestNG.java:1017)
at org.testng.remote.AbstractRemoteTestNG.run(AbstractRemoteTestNG.java:114)
at org.testng.remote.RemoteTestNG.initAndRun(RemoteTestNG.java:251)
at org.testng.remote.RemoteTestNG.main(RemoteTestNG.java:77)
]]>
            </full-stacktrace>
          </exception> <!-- java.lang.AssertionError -->
          <reporter-output>
          </reporter-output>
        </test-method> <!-- passwordInCaps -->
        <test-method status="PASS" signature="beforeTest(java.lang.reflect.Method)[pri:0, instance:testModules.LoginTests@30b6ffe0]" name="beforeTest" is-config="true" duration-ms="5365" started-at="2018-10-17T11:13:07Z" finished-at="2018-10-17T11:13:12Z">
          <params>
            <param index="0">
              <value>
                <![CDATA[public void testModules.LoginTests.dismissKeyboard()]]>
              </value>
            </param>
          </params>
          <reporter-output>
          </reporter-output>
        </test-method> <!-- beforeTest -->
        <test-method status="SKIP" signature="dismissKeyboard()[pri:0, instance:testModules.LoginTests@30b6ffe0]" name="dismissKeyboard" duration-ms="2579" started-at="2018-10-17T11:13:12Z" finished-at="2018-10-17T11:13:14Z">
          <exception class="java.lang.AssertionError">
            <message>
              <![CDATA[expected [true] but found [false]]]>
            </message>
            <full-stacktrace>
              <![CDATA[java.lang.AssertionError: expected [true] but found [false]
at org.testng.Assert.fail(Assert.java:96)
at org.testng.Assert.failNotEquals(Assert.java:776)
at org.testng.Assert.assertEqualsImpl(Assert.java:137)
at org.testng.Assert.assertEquals(Assert.java:118)
at org.testng.Assert.assertEquals(Assert.java:568)
at org.testng.Assert.assertEquals(Assert.java:578)
at testModules.LoginTests.dismissKeyboard(LoginTests.java:333)
at sun.reflect.NativeMethodAccessorImpl.invoke0(Native Method)
at sun.reflect.NativeMethodAccessorImpl.invoke(NativeMethodAccessorImpl.java:62)
at sun.reflect.DelegatingMethodAccessorImpl.invoke(DelegatingMethodAccessorImpl.java:43)
at java.lang.reflect.Method.invoke(Method.java:498)
at org.testng.internal.MethodInvocationHelper.invokeMethod(MethodInvocationHelper.java:124)
at org.testng.internal.Invoker.invokeMethod(Invoker.java:580)
at org.testng.internal.Invoker.invokeTestMethod(Invoker.java:716)
at org.testng.internal.Invoker.invokeTestMethods(Invoker.java:988)
at org.testng.internal.TestMethodWorker.invokeTestMethods(TestMethodWorker.java:125)
at org.testng.internal.TestMethodWorker.run(TestMethodWorker.java:109)
at org.testng.TestRunner.privateRun(TestRunner.java:648)
at org.testng.TestRunner.run(TestRunner.java:505)
at org.testng.SuiteRunner.runTest(SuiteRunner.java:455)
at org.testng.SuiteRunner.runSequentially(SuiteRunner.java:450)
at org.testng.SuiteRunner.privateRun(SuiteRunner.java:415)
at org.testng.SuiteRunner.run(SuiteRunner.java:364)
at org.testng.SuiteRunnerWorker.runSuite(SuiteRunnerWorker.java:52)
at org.testng.SuiteRunnerWorker.run(SuiteRunnerWorker.java:84)
at org.testng.TestNG.runSuitesSequentially(TestNG.java:1208)
at org.testng.TestNG.runSuitesLocally(TestNG.java:1137)
at org.testng.TestNG.runSuites(TestNG.java:1049)
at org.testng.TestNG.run(TestNG.java:1017)
at org.testng.remote.AbstractRemoteTestNG.run(AbstractRemoteTestNG.java:114)
at org.testng.remote.RemoteTestNG.initAndRun(RemoteTestNG.java:251)
at org.testng.remote.RemoteTestNG.main(RemoteTestNG.java:77)
]]>
            </full-stacktrace>
          </exception> <!-- java.lang.AssertionError -->
          <reporter-output>
          </reporter-output>
        </test-method> <!-- dismissKeyboard -->
        <test-method status="PASS" signature="beforeTest(java.lang.reflect.Method)[pri:0, instance:testModules.LoginTests@30b6ffe0]" name="beforeTest" is-config="true" duration-ms="5647" started-at="2018-10-17T11:13:14Z" finished-at="2018-10-17T11:13:20Z">
          <params>
            <param index="0">
              <value>
                <![CDATA[public void testModules.LoginTests.dismissKeyboard()]]>
              </value>
            </param>
          </params>
          <reporter-output>
          </reporter-output>
        </test-method> <!-- beforeTest -->
        <test-method status="FAIL" signature="dismissKeyboard()[pri:0, instance:testModules.LoginTests@30b6ffe0]" name="dismissKeyboard" duration-ms="2292" started-at="2018-10-17T11:13:20Z" finished-at="2018-10-17T11:13:22Z">
          <exception class="java.lang.AssertionError">
            <message>
              <![CDATA[expected [true] but found [false]]]>
            </message>
            <full-stacktrace>
              <![CDATA[java.lang.AssertionError: expected [true] but found [false]
at org.testng.Assert.fail(Assert.java:96)
at org.testng.Assert.failNotEquals(Assert.java:776)
at org.testng.Assert.assertEqualsImpl(Assert.java:137)
at org.testng.Assert.assertEquals(Assert.java:118)
at org.testng.Assert.assertEquals(Assert.java:568)
at org.testng.Assert.assertEquals(Assert.java:578)
at testModules.LoginTests.dismissKeyboard(LoginTests.java:333)
at sun.reflect.NativeMethodAccessorImpl.invoke0(Native Method)
at sun.reflect.NativeMethodAccessorImpl.invoke(NativeMethodAccessorImpl.java:62)
at sun.reflect.DelegatingMethodAccessorImpl.invoke(DelegatingMethodAccessorImpl.java:43)
at java.lang.reflect.Method.invoke(Method.java:498)
at org.testng.internal.MethodInvocationHelper.invokeMethod(MethodInvocationHelper.java:124)
at org.testng.internal.Invoker.invokeMethod(Invoker.java:580)
at org.testng.internal.Invoker.retryFailed(Invoker.java:838)
at org.testng.internal.Invoker.invokeTestMethods(Invoker.java:1009)
at org.testng.internal.TestMethodWorker.invokeTestMethods(TestMethodWorker.java:125)
at org.testng.internal.TestMethodWorker.run(TestMethodWorker.java:109)
at org.testng.TestRunner.privateRun(TestRunner.java:648)
at org.testng.TestRunner.run(TestRunner.java:505)
at org.testng.SuiteRunner.runTest(SuiteRunner.java:455)
at org.testng.SuiteRunner.runSequentially(SuiteRunner.java:450)
at org.testng.SuiteRunner.privateRun(SuiteRunner.java:415)
at org.testng.SuiteRunner.run(SuiteRunner.java:364)
at org.testng.SuiteRunnerWorker.runSuite(SuiteRunnerWorker.java:52)
at org.testng.SuiteRunnerWorker.run(SuiteRunnerWorker.java:84)
at org.testng.TestNG.runSuitesSequentially(TestNG.java:1208)
at org.testng.TestNG.runSuitesLocally(TestNG.java:1137)
at org.testng.TestNG.runSuites(TestNG.java:1049)
at org.testng.TestNG.run(TestNG.java:1017)
at org.testng.remote.AbstractRemoteTestNG.run(AbstractRemoteTestNG.java:114)
at org.testng.remote.RemoteTestNG.initAndRun(RemoteTestNG.java:251)
at org.testng.remote.RemoteTestNG.main(RemoteTestNG.java:77)
]]>
            </full-stacktrace>
          </exception> <!-- java.lang.AssertionError -->
          <reporter-output>
          </reporter-output>
        </test-method> <!-- dismissKeyboard -->
        <test-method status="PASS" signature="beforeTest(java.lang.reflect.Method)[pri:0, instance:testModules.LoginTests@30b6ffe0]" name="beforeTest" is-config="true" duration-ms="5234" started-at="2018-10-17T11:13:23Z" finished-at="2018-10-17T11:13:28Z">
          <params>
            <param index="0">
              <value>
                <![CDATA[public void testModules.LoginTests.positiveLogin(java.lang.String,java.lang.String)]]>
              </value>
            </param>
          </params>
          <reporter-output>
          </reporter-output>
        </test-method> <!-- beforeTest -->
        <test-method status="PASS" signature="positiveLogin(java.lang.String, java.lang.String)[pri:0, instance:testModules.LoginTests@30b6ffe0]" name="positiveLogin" duration-ms="21845" started-at="2018-10-17T11:13:28Z" data-provider="data" finished-at="2018-10-17T11:13:50Z">
          <params>
            <param index="0">
              <value>
                <![CDATA[kiwitech2]]>
              </value>
            </param>
            <param index="1">
              <value>
                <![CDATA[hvavc2]]>
              </value>
            </param>
          </params>
          <reporter-output>
          </reporter-output>
        </test-method> <!-- positiveLogin -->
        <test-method status="PASS" signature="beforeTest(java.lang.reflect.Method)[pri:0, instance:testModules.LoginTests@30b6ffe0]" name="beforeTest" is-config="true" duration-ms="0" started-at="2018-10-17T11:13:50Z" finished-at="2018-10-17T11:13:50Z">
          <params>
            <param index="0">
              <value>
                <![CDATA[public void testModules.LoginTests.checkLogin()]]>
              </value>
            </param>
          </params>
          <reporter-output>
          </reporter-output>
        </test-method> <!-- beforeTest -->
        <test-method status="PASS" signature="checkLogin()[pri:0, instance:testModules.LoginTests@30b6ffe0]" name="checkLogin" duration-ms="9737" started-at="2018-10-17T11:13:50Z" finished-at="2018-10-17T11:14:00Z">
          <reporter-output>
          </reporter-output>
        </test-method> <!-- checkLogin -->
        <test-method status="PASS" signature="beforeTest(java.lang.reflect.Method)[pri:0, instance:testModules.LoginTests@30b6ffe0]" name="beforeTest" is-config="true" duration-ms="11594" started-at="2018-10-17T11:14:00Z" finished-at="2018-10-17T11:14:12Z">
          <params>
            <param index="0">
              <value>
                <![CDATA[public void testModules.LoginTests.logOutUsernameCheck(java.lang.String)]]>
              </value>
            </param>
          </params>
          <reporter-output>
          </reporter-output>
        </test-method> <!-- beforeTest -->
        <test-method status="PASS" signature="logOutUsernameCheck(java.lang.String)[pri:0, instance:testModules.LoginTests@30b6ffe0]" name="logOutUsernameCheck" duration-ms="1040" started-at="2018-10-17T11:14:12Z" data-provider="data" finished-at="2018-10-17T11:14:13Z">
          <params>
            <param index="0">
              <value>
                <![CDATA[kiwitech2]]>
              </value>
            </param>
          </params>
          <reporter-output>
          </reporter-output>
        </test-method> <!-- logOutUsernameCheck -->
        <test-method status="PASS" signature="beforeTest(java.lang.reflect.Method)[pri:0, instance:testModules.LoginTests@30b6ffe0]" name="beforeTest" is-config="true" duration-ms="5691" started-at="2018-10-17T11:14:14Z" finished-at="2018-10-17T11:14:20Z">
          <params>
            <param index="0">
              <value>
                <![CDATA[public void testModules.LoginTests.offlineLogin(java.lang.String,java.lang.String)]]>
              </value>
            </param>
          </params>
          <reporter-output>
          </reporter-output>
        </test-method> <!-- beforeTest -->
        <test-method status="PASS" signature="offlineLogin(java.lang.String, java.lang.String)[pri:0, instance:testModules.LoginTests@30b6ffe0]" name="offlineLogin" duration-ms="36759" started-at="2018-10-17T11:14:20Z" data-provider="data" finished-at="2018-10-17T11:14:57Z">
          <params>
            <param index="0">
              <value>
                <![CDATA[kiwitech2]]>
              </value>
            </param>
            <param index="1">
              <value>
                <![CDATA[hvavc2]]>
              </value>
            </param>
          </params>
          <reporter-output>
          </reporter-output>
        </test-method> <!-- offlineLogin -->
        <test-method status="PASS" signature="beforeTest(java.lang.reflect.Method)[pri:0, instance:testModules.LoginTests@30b6ffe0]" name="beforeTest" is-config="true" duration-ms="5181" started-at="2018-10-17T11:14:57Z" finished-at="2018-10-17T11:15:02Z">
          <params>
            <param index="0">
              <value>
                <![CDATA[public void testModules.LoginTests.offlineLoginDiffUser(java.lang.String,java.lang.String)]]>
              </value>
            </param>
          </params>
          <reporter-output>
          </reporter-output>
        </test-method> <!-- beforeTest -->
        <test-method status="PASS" signature="offlineLoginDiffUser(java.lang.String, java.lang.String)[pri:0, instance:testModules.LoginTests@30b6ffe0]" name="offlineLoginDiffUser" duration-ms="22911" started-at="2018-10-17T11:15:02Z" data-provider="data" finished-at="2018-10-17T11:15:25Z">
          <params>
            <param index="0">
              <value>
                <![CDATA[kiwitech3]]>
              </value>
            </param>
            <param index="1">
              <value>
                <![CDATA[hvavc3]]>
              </value>
            </param>
          </params>
          <reporter-output>
          </reporter-output>
        </test-method> <!-- offlineLoginDiffUser -->
        <test-method status="PASS" signature="afterClass()[pri:0, instance:testModules.LoginTests@30b6ffe0]" name="afterClass" is-config="true" duration-ms="27620" started-at="2018-10-17T11:15:25Z" finished-at="2018-10-17T11:15:53Z">
          <reporter-output>
          </reporter-output>
        </test-method> <!-- afterClass -->
      </class> <!-- testModules.LoginTests -->
    </test> <!-- Test -->
  </suite> <!-- Suite -->
</testng-results>
